  [1m[35m (2.4ms)[0m  [1m[35mCREATE DATABASE "mytask_development" ENCODING = 'unicode'[0m
  ↳ bin/rails:9
  [1m[35m (0.6ms)[0m  [1m[35mCREATE DATABASE "mytask_test" ENCODING = 'unicode'[0m
  ↳ bin/rails:9
Started GET "/" for 127.0.0.1 at 2018-11-01 21:11:15 +0900
Processing by Rails::WelcomeController#index as HTML
  Rendering /Users/m-hori/.rbenv/versions/2.5.1/lib/ruby/gems/2.5.0/gems/railties-5.2.1/lib/rails/templates/rails/welcome/index.html.erb
  Rendered /Users/m-hori/.rbenv/versions/2.5.1/lib/ruby/gems/2.5.0/gems/railties-5.2.1/lib/rails/templates/rails/welcome/index.html.erb (3.4ms)
Completed 200 OK in 23ms (Views: 12.7ms | ActiveRecord: 0.0ms)


  [1m[35m (35.1ms)[0m  [1m[35mCREATE TABLE "schema_migrations" ("version" character varying NOT NULL PRIMARY KEY)[0m
  ↳ bin/rails:9
  [1m[35m (10.8ms)[0m  [1m[35mCREATE TABLE "ar_internal_metadata" ("key" character varying NOT NULL PRIMARY KEY, "value" character varying, "created_at" timestamp NOT NULL, "updated_at" timestamp NOT NULL)[0m
  ↳ bin/rails:9
  [1m[35m (1.1ms)[0m  [1m[34mSELECT pg_try_advisory_lock(977729073927482625)[0m
  ↳ bin/rails:9
  [1m[35m (0.8ms)[0m  [1m[34mSELECT "schema_migrations"."version" FROM "schema_migrations" ORDER BY "schema_migrations"."version" ASC[0m
  ↳ bin/rails:9
Migrating to CreateTasks (20181104064059)
  [1m[35m (0.2ms)[0m  [1m[35mBEGIN[0m
  ↳ bin/rails:9
  [1m[35m (10.9ms)[0m  [1m[35mCREATE TABLE "tasks" ("id" bigserial primary key, "name" character varying, "description" text, "created_at" timestamp NOT NULL, "updated_at" timestamp NOT NULL)[0m
  ↳ db/migrate/20181104064059_create_tasks.rb:3
  [1m[36mActiveRecord::SchemaMigration Create (0.4ms)[0m  [1m[32mINSERT INTO "schema_migrations" ("version") VALUES ($1) RETURNING "version"[0m  [["version", "20181104064059"]]
  ↳ bin/rails:9
  [1m[35m (0.3ms)[0m  [1m[35mCOMMIT[0m
  ↳ bin/rails:9
  [1m[36mActiveRecord::InternalMetadata Load (0.3ms)[0m  [1m[34mSELECT  "ar_internal_metadata".* FROM "ar_internal_metadata" WHERE "ar_internal_metadata"."key" = $1 LIMIT $2[0m  [["key", "environment"], ["LIMIT", 1]]
  ↳ bin/rails:9
  [1m[35m (0.1ms)[0m  [1m[35mBEGIN[0m
  ↳ bin/rails:9
  [1m[36mActiveRecord::InternalMetadata Create (1.4ms)[0m  [1m[32mINSERT INTO "ar_internal_metadata" ("key", "value", "created_at", "updated_at") VALUES ($1, $2, $3, $4) RETURNING "key"[0m  [["key", "environment"], ["value", "development"], ["created_at", "2018-11-04 06:43:21.853138"], ["updated_at", "2018-11-04 06:43:21.853138"]]
  ↳ bin/rails:9
  [1m[35m (0.4ms)[0m  [1m[35mCOMMIT[0m
  ↳ bin/rails:9
  [1m[35m (0.2ms)[0m  [1m[34mSELECT pg_advisory_unlock(977729073927482625)[0m
  ↳ bin/rails:9
  [1m[35m (3.5ms)[0m  [1m[34mSELECT "schema_migrations"."version" FROM "schema_migrations" ORDER BY "schema_migrations"."version" ASC[0m
  ↳ bin/rails:9
Started GET "/" for 127.0.0.1 at 2018-11-04 15:49:25 +0900
  [1m[35m (0.6ms)[0m  [1m[34mSELECT "schema_migrations"."version" FROM "schema_migrations" ORDER BY "schema_migrations"."version" ASC[0m
  ↳ /Users/m-hori/.rbenv/versions/2.5.1/lib/ruby/gems/2.5.0/gems/activerecord-5.2.1/lib/active_record/log_subscriber.rb:98
Processing by TasksController#index as HTML
  Rendering tasks/index.html.slim within layouts/application
  Rendered tasks/index.html.slim within layouts/application (11.6ms)
Completed 200 OK in 4430ms (Views: 4419.1ms | ActiveRecord: 0.0ms)


Started GET "/" for 127.0.0.1 at 2018-11-04 16:08:16 +0900
Processing by TasksController#index as HTML
  Rendering tasks/index.html.slim within layouts/application
  Rendered tasks/index.html.slim within layouts/application (8.9ms)
Completed 200 OK in 69ms (Views: 62.9ms | ActiveRecord: 0.0ms)


Started GET "/" for 127.0.0.1 at 2018-11-04 16:09:13 +0900
Processing by TasksController#index as HTML
  Rendering tasks/index.html.slim within layouts/application
  Rendered tasks/index.html.slim within layouts/application (4.2ms)
Completed 200 OK in 53ms (Views: 49.9ms | ActiveRecord: 0.0ms)


Started GET "/tasks/new" for 127.0.0.1 at 2018-11-04 16:09:16 +0900
Processing by TasksController#new as HTML
  Rendering tasks/new.html.slim within layouts/application
  Rendered tasks/new.html.slim within layouts/application (97.8ms)
Completed 200 OK in 214ms (Views: 152.6ms | ActiveRecord: 10.1ms)


Started GET "/" for 127.0.0.1 at 2018-11-04 16:27:11 +0900
Processing by TasksController#index as HTML
  Rendering tasks/index.html.slim within layouts/application
  Rendered tasks/index.html.slim within layouts/application (10.6ms)
Completed 200 OK in 92ms (Views: 89.0ms | ActiveRecord: 0.0ms)


Started GET "/tasks/new" for 127.0.0.1 at 2018-11-04 16:27:12 +0900
Processing by TasksController#new as HTML
  Rendering tasks/new.html.slim within layouts/application
  Rendered tasks/new.html.slim within layouts/application (8.9ms)
Completed 200 OK in 59ms (Views: 34.8ms | ActiveRecord: 6.9ms)


Started POST "/tasks" for 127.0.0.1 at 2018-11-04 16:27:40 +0900
Processing by TasksController#create as HTML
  Parameters: {"utf8"=>"✓", "authenticity_token"=>"/UIQq5UjViVB0QpSJA4LVLH4K3JOmck2FneLuIPQS3KAlXkVz4PTLyZfCpXpu9XKcgPrKdopTgFoL058GBOxiw==", "task"=>{"name"=>"一覧表示機能の実装", "descripiton"=>"一覧アクションと画面を実装するetc"}, "commit"=>"登録する"}
Completed 500 Internal Server Error in 2ms (ActiveRecord: 0.0ms)


  
ActiveModel::UnknownAttributeError (unknown attribute 'descripiton' for Task.):
  
app/controllers/tasks_controller.rb:13:in `create'
Started GET "/" for 127.0.0.1 at 2018-11-04 16:28:57 +0900
Processing by TasksController#index as HTML
  Rendering tasks/index.html.slim within layouts/application
  Rendered tasks/index.html.slim within layouts/application (2.4ms)
Completed 200 OK in 44ms (Views: 41.5ms | ActiveRecord: 0.0ms)


Started GET "/tasks/new" for 127.0.0.1 at 2018-11-04 16:28:58 +0900
Processing by TasksController#new as HTML
  Rendering tasks/new.html.slim within layouts/application
  Rendered tasks/new.html.slim within layouts/application (14.7ms)
Completed 200 OK in 62ms (Views: 42.5ms | ActiveRecord: 6.2ms)


Started POST "/tasks" for 127.0.0.1 at 2018-11-04 16:29:21 +0900
Processing by TasksController#create as HTML
  Parameters: {"utf8"=>"✓", "authenticity_token"=>"WztR9TypnipP19ComypVaknZq7Ipe0/GIJExiDOlb6Em7DhLZgkbIChZ0G9Wn4v0iiJr6b3LyPFeyfRMqGaVWA==", "task"=>{"name"=>"一覧表示機能の実装", "descripiton"=>"一覧アクションと一覧画面を実装するetc"}, "commit"=>"登録する"}
Completed 500 Internal Server Error in 2ms (ActiveRecord: 0.0ms)


  
ActiveModel::UnknownAttributeError (unknown attribute 'descripiton' for Task.):
  
app/controllers/tasks_controller.rb:13:in `create'
Started GET "/" for 127.0.0.1 at 2018-11-04 16:30:07 +0900
Processing by TasksController#index as HTML
  Rendering tasks/index.html.slim within layouts/application
  Rendered tasks/index.html.slim within layouts/application (2.2ms)
Completed 200 OK in 35ms (Views: 32.7ms | ActiveRecord: 0.0ms)


Started GET "/tasks/new" for 127.0.0.1 at 2018-11-04 16:30:08 +0900
Processing by TasksController#new as HTML
  Rendering tasks/new.html.slim within layouts/application
  Rendered tasks/new.html.slim within layouts/application (5.6ms)
Completed 200 OK in 50ms (Views: 33.1ms | ActiveRecord: 5.2ms)


Started POST "/tasks" for 127.0.0.1 at 2018-11-04 16:30:25 +0900
Processing by TasksController#create as HTML
  Parameters: {"utf8"=>"✓", "authenticity_token"=>"BHWYoBrDOFv22hRxSTO4irgx9Utt/rrHq26Sdlxm1yd5ovEeQGO9UZFUFLaEhmYUe8o1EPlOPfDVNleyx6Ut3g==", "task"=>{"name"=>"一覧表示機能の実装", "description"=>"一覧アクションと一覧画面を実装するetc"}, "commit"=>"登録する"}
  [1m[35m (0.2ms)[0m  [1m[35mBEGIN[0m
  ↳ app/controllers/tasks_controller.rb:14
  [1m[36mTask Create (3.8ms)[0m  [1m[32mINSERT INTO "tasks" ("name", "description", "created_at", "updated_at") VALUES ($1, $2, $3, $4) RETURNING "id"[0m  [["name", "一覧表示機能の実装"], ["description", "一覧アクションと一覧画面を実装するetc"], ["created_at", "2018-11-04 07:30:25.365295"], ["updated_at", "2018-11-04 07:30:25.365295"]]
  ↳ app/controllers/tasks_controller.rb:14
  [1m[35m (3.9ms)[0m  [1m[35mCOMMIT[0m
  ↳ app/controllers/tasks_controller.rb:14
Completed 500 Internal Server Error in 96ms (ActiveRecord: 7.9ms)


  
NoMethodError (undefined method `reridect_to' for #<TasksController:0x00007f82d1048020>
Did you mean?  redirect_to):
  
app/controllers/tasks_controller.rb:15:in `create'
Started GET "/" for 127.0.0.1 at 2018-11-04 16:30:36 +0900
Processing by TasksController#index as HTML
  Rendering tasks/index.html.slim within layouts/application
  Rendered tasks/index.html.slim within layouts/application (3.3ms)
Completed 200 OK in 31ms (Views: 29.2ms | ActiveRecord: 0.0ms)


Started GET "/" for 127.0.0.1 at 2018-11-04 16:34:27 +0900
Processing by TasksController#index as HTML
  Rendering tasks/index.html.slim within layouts/application
  Rendered tasks/index.html.slim within layouts/application (6.6ms)
Completed 200 OK in 80ms (Views: 74.2ms | ActiveRecord: 0.0ms)


Started GET "/tasks/new" for 127.0.0.1 at 2018-11-04 16:34:29 +0900
Processing by TasksController#new as HTML
  Rendering tasks/new.html.slim within layouts/application
  Rendered tasks/new.html.slim within layouts/application (8.6ms)
Completed 200 OK in 63ms (Views: 38.8ms | ActiveRecord: 6.1ms)


Started POST "/tasks" for 127.0.0.1 at 2018-11-04 16:34:42 +0900
Processing by TasksController#create as HTML
  Parameters: {"utf8"=>"✓", "authenticity_token"=>"TA2buEJ+q5MwyeeK4GxOsZtumiFI6KDpQwUXB1hFBH0x2vIGGN4umVdH500t2ZAvWJVaetxYJ949XdLDw4b+hA==", "task"=>{"name"=>"一覧表示機能の実装", "description"=>"一覧アクションと一覧画面の実装etc"}, "commit"=>"登録する"}
  [1m[35m (0.2ms)[0m  [1m[35mBEGIN[0m
  ↳ app/controllers/tasks_controller.rb:14
  [1m[36mTask Create (0.4ms)[0m  [1m[32mINSERT INTO "tasks" ("name", "description", "created_at", "updated_at") VALUES ($1, $2, $3, $4) RETURNING "id"[0m  [["name", "一覧表示機能の実装"], ["description", "一覧アクションと一覧画面の実装etc"], ["created_at", "2018-11-04 07:34:42.188363"], ["updated_at", "2018-11-04 07:34:42.188363"]]
  ↳ app/controllers/tasks_controller.rb:14
  [1m[35m (0.4ms)[0m  [1m[35mCOMMIT[0m
  ↳ app/controllers/tasks_controller.rb:14
Redirected to http://localhost:3000/tasks
Completed 302 Found in 7ms (ActiveRecord: 1.0ms)


Started GET "/tasks" for 127.0.0.1 at 2018-11-04 16:34:42 +0900
Processing by TasksController#index as HTML
  Rendering tasks/index.html.slim within layouts/application
  Rendered tasks/index.html.slim within layouts/application (2.6ms)
Completed 200 OK in 33ms (Views: 31.2ms | ActiveRecord: 0.0ms)


Started GET "/tasks" for 127.0.0.1 at 2018-11-04 16:34:47 +0900
Processing by TasksController#index as HTML
  Rendering tasks/index.html.slim within layouts/application
  Rendered tasks/index.html.slim within layouts/application (3.2ms)
Completed 200 OK in 33ms (Views: 30.3ms | ActiveRecord: 0.0ms)


Started GET "/tasks" for 127.0.0.1 at 2018-11-04 16:39:55 +0900
Processing by TasksController#index as HTML
  Rendering tasks/index.html.slim within layouts/application
  [1m[36mTask Load (2.0ms)[0m  [1m[34mSELECT "tasks".* FROM "tasks"[0m
  ↳ app/views/tasks/index.html.slim:11
  Rendered tasks/index.html.slim within layouts/application (26.8ms)
Completed 200 OK in 73ms (Views: 60.7ms | ActiveRecord: 7.2ms)


Started GET "/tasks/new" for 127.0.0.1 at 2018-11-04 16:40:07 +0900
Processing by TasksController#new as HTML
  Rendering tasks/new.html.slim within layouts/application
  Rendered tasks/new.html.slim within layouts/application (7.5ms)
Completed 200 OK in 42ms (Views: 39.5ms | ActiveRecord: 0.0ms)


Started POST "/tasks" for 127.0.0.1 at 2018-11-04 16:40:15 +0900
Processing by TasksController#create as HTML
  Parameters: {"utf8"=>"✓", "authenticity_token"=>"xX0QfsK83Lts2GnK7/bCzkQ2kuVLl4bnzflaP27pEPW4qnnAmBxZsQtWaQ0iQxxQh81Svt8nAdCzoZ/79SrqDA==", "task"=>{"name"=>"3爪の登録", "description"=>"hogehoge"}, "commit"=>"登録する"}
  [1m[35m (3.9ms)[0m  [1m[35mBEGIN[0m
  ↳ app/controllers/tasks_controller.rb:15
  [1m[36mTask Create (0.6ms)[0m  [1m[32mINSERT INTO "tasks" ("name", "description", "created_at", "updated_at") VALUES ($1, $2, $3, $4) RETURNING "id"[0m  [["name", "3爪の登録"], ["description", "hogehoge"], ["created_at", "2018-11-04 07:40:15.367925"], ["updated_at", "2018-11-04 07:40:15.367925"]]
  ↳ app/controllers/tasks_controller.rb:15
  [1m[35m (3.3ms)[0m  [1m[35mCOMMIT[0m
  ↳ app/controllers/tasks_controller.rb:15
Redirected to http://localhost:3000/tasks
Completed 302 Found in 14ms (ActiveRecord: 7.8ms)


Started GET "/tasks" for 127.0.0.1 at 2018-11-04 16:40:15 +0900
Processing by TasksController#index as HTML
  Rendering tasks/index.html.slim within layouts/application
  [1m[36mTask Load (0.3ms)[0m  [1m[34mSELECT "tasks".* FROM "tasks"[0m
  ↳ app/views/tasks/index.html.slim:11
  Rendered tasks/index.html.slim within layouts/application (5.5ms)
Completed 200 OK in 32ms (Views: 29.6ms | ActiveRecord: 0.3ms)


Started GET "/tasks/new" for 127.0.0.1 at 2018-11-04 16:40:18 +0900
Processing by TasksController#new as HTML
  Rendering tasks/new.html.slim within layouts/application
  Rendered tasks/new.html.slim within layouts/application (4.8ms)
Completed 200 OK in 34ms (Views: 30.3ms | ActiveRecord: 0.0ms)


Started GET "/tasks" for 127.0.0.1 at 2018-11-06 08:19:56 +0900
Processing by TasksController#index as HTML
  Rendering tasks/index.html.slim within layouts/application
  [1m[36mTask Load (7.3ms)[0m  [1m[34mSELECT "tasks".* FROM "tasks"[0m
  ↳ app/views/tasks/index.html.slim:11
  Rendered tasks/index.html.slim within layouts/application (58.0ms)
Completed 200 OK in 194ms (Views: 171.5ms | ActiveRecord: 7.3ms)


Started GET "/" for 127.0.0.1 at 2018-11-06 08:20:00 +0900
Processing by TasksController#index as HTML
  Rendering tasks/index.html.slim within layouts/application
  [1m[36mTask Load (0.3ms)[0m  [1m[34mSELECT "tasks".* FROM "tasks"[0m
  ↳ app/views/tasks/index.html.slim:11
  Rendered tasks/index.html.slim within layouts/application (11.1ms)
Completed 200 OK in 64ms (Views: 59.9ms | ActiveRecord: 0.3ms)


Started GET "/tasks/new" for 127.0.0.1 at 2018-11-06 08:20:04 +0900
Processing by TasksController#new as HTML
  Rendering tasks/new.html.slim within layouts/application
  Rendered tasks/new.html.slim within layouts/application (16.2ms)
Completed 200 OK in 186ms (Views: 181.2ms | ActiveRecord: 0.0ms)


Started GET "/tasks" for 127.0.0.1 at 2018-11-06 08:20:26 +0900
Processing by TasksController#index as HTML
  Rendering tasks/index.html.slim within layouts/application
  [1m[36mTask Load (0.4ms)[0m  [1m[34mSELECT "tasks".* FROM "tasks"[0m
  ↳ app/views/tasks/index.html.slim:11
  Rendered tasks/index.html.slim within layouts/application (11.5ms)
Completed 200 OK in 70ms (Views: 66.2ms | ActiveRecord: 0.4ms)


Started GET "/tasks" for 127.0.0.1 at 2018-11-07 22:57:44 +0900
Processing by TasksController#index as HTML
  Rendering tasks/index.html.slim within layouts/application
  [1m[36mTask Load (5.6ms)[0m  [1m[34mSELECT "tasks".* FROM "tasks"[0m
  ↳ app/views/tasks/index.html.slim:11
  Rendered tasks/index.html.slim within layouts/application (79.2ms)
Completed 200 OK in 269ms (Views: 237.6ms | ActiveRecord: 5.6ms)


Started GET "/tasks" for 127.0.0.1 at 2018-11-07 23:11:39 +0900
Processing by TasksController#index as HTML
  Rendering tasks/index.html.slim within layouts/application
  Rendered tasks/index.html.slim within layouts/application (9.6ms)
Completed 500 Internal Server Error in 28ms (ActiveRecord: 0.0ms)


  
SyntaxError (/Users/m-hori/mytask/app/views/tasks/index.html.slim:13: syntax error, unexpected ')', expecting '='
...ape_html_safe((task.name, task))).to_s)); 
...                              ^
/Users/m-hori/mytask/app/views/tasks/index.html.slim:15: syntax error, unexpected keyword_end, expecting ')'
...cat(("</td></tr>".freeze)); end; @output_buffer.safe_concat(...
...                            ^~~
/Users/m-hori/mytask/app/views/tasks/index.html.slim:16: syntax error, unexpected keyword_ensure, expecting ')'
          ensure
          ^~~~~~
/Users/m-hori/mytask/app/views/tasks/index.html.slim:18: syntax error, unexpected keyword_end, expecting ')'
          end
          ^~~):
  
app/views/tasks/index.html.slim:13: syntax error, unexpected ')', expecting '='
app/views/tasks/index.html.slim:15: syntax error, unexpected keyword_end, expecting ')'
app/views/tasks/index.html.slim:16: syntax error, unexpected keyword_ensure, expecting ')'
app/views/tasks/index.html.slim:18: syntax error, unexpected keyword_end, expecting ')'
Started GET "/tasks" for 127.0.0.1 at 2018-11-07 23:12:30 +0900
Processing by TasksController#index as HTML
  Rendering tasks/index.html.slim within layouts/application
  [1m[36mTask Load (0.7ms)[0m  [1m[34mSELECT "tasks".* FROM "tasks"[0m
  ↳ app/views/tasks/index.html.slim:11
  Rendered tasks/index.html.slim within layouts/application (42.8ms)
Completed 200 OK in 95ms (Views: 63.0ms | ActiveRecord: 29.1ms)


Started GET "/tasks/1" for 127.0.0.1 at 2018-11-07 23:12:43 +0900
Processing by TasksController#show as HTML
  Parameters: {"id"=>"1"}
  [1m[36mTask Load (0.6ms)[0m  [1m[34mSELECT  "tasks".* FROM "tasks" WHERE "tasks"."id" = $1 LIMIT $2[0m  [["id", 1], ["LIMIT", 1]]
  ↳ app/controllers/tasks_controller.rb:7
  Rendering tasks/show.html.slim within layouts/application
  Rendered tasks/show.html.slim within layouts/application (7.1ms)
Completed 200 OK in 62ms (Views: 31.6ms | ActiveRecord: 0.8ms)


Started GET "/tasks" for 127.0.0.1 at 2018-11-07 23:12:49 +0900
Processing by TasksController#index as HTML
  Rendering tasks/index.html.slim within layouts/application
  [1m[36mTask Load (0.3ms)[0m  [1m[34mSELECT "tasks".* FROM "tasks"[0m
  ↳ app/views/tasks/index.html.slim:11
  Rendered tasks/index.html.slim within layouts/application (6.6ms)
Completed 200 OK in 44ms (Views: 40.1ms | ActiveRecord: 0.3ms)


Started GET "/tasks" for 127.0.0.1 at 2018-11-07 23:28:20 +0900
Processing by TasksController#index as HTML
  Rendering tasks/index.html.slim within layouts/application
  [1m[36mTask Load (0.8ms)[0m  [1m[34mSELECT "tasks".* FROM "tasks"[0m
  ↳ app/views/tasks/index.html.slim:12
  Rendered tasks/index.html.slim within layouts/application (19.9ms)
Completed 200 OK in 88ms (Views: 81.3ms | ActiveRecord: 0.8ms)


Started GET "/tasks/1" for 127.0.0.1 at 2018-11-07 23:29:35 +0900
Processing by TasksController#show as HTML
  Parameters: {"id"=>"1"}
  [1m[36mTask Load (0.4ms)[0m  [1m[34mSELECT  "tasks".* FROM "tasks" WHERE "tasks"."id" = $1 LIMIT $2[0m  [["id", 1], ["LIMIT", 1]]
  ↳ app/controllers/tasks_controller.rb:7
  Rendering tasks/show.html.slim within layouts/application
  Rendered tasks/show.html.slim within layouts/application (356.2ms)
Completed 500 Internal Server Error in 366ms (ActiveRecord: 0.9ms)


  
ActionView::Template::Error (undefined local variable or method `task' for #<#<Class:0x00007f82cebec6b8>:0x00007f82ceb43ea0>
Did you mean?  @task):
    20:       th = Task.human_attribute_name(:updated_at)
    21:       td = @task.updated_at
    22: 
    23: = link_to '編集', edit_task_path(task), class: 'btn btn-primary mr-3'
  
app/views/tasks/show.html.slim:23:in `_app_views_tasks_show_html_slim__819224714416371193_70099898713100'
Started GET "/tasks/1" for 127.0.0.1 at 2018-11-07 23:30:13 +0900
Processing by TasksController#show as HTML
  Parameters: {"id"=>"1"}
  [1m[36mTask Load (0.4ms)[0m  [1m[34mSELECT  "tasks".* FROM "tasks" WHERE "tasks"."id" = $1 LIMIT $2[0m  [["id", 1], ["LIMIT", 1]]
  ↳ app/controllers/tasks_controller.rb:7
  Rendering tasks/show.html.slim within layouts/application
  Rendered tasks/show.html.slim within layouts/application (8.0ms)
Completed 200 OK in 54ms (Views: 51.0ms | ActiveRecord: 0.4ms)


Started GET "/tasks/1" for 127.0.0.1 at 2018-11-07 23:44:34 +0900
Processing by TasksController#show as HTML
  Parameters: {"id"=>"1"}
  [1m[36mTask Load (0.6ms)[0m  [1m[34mSELECT  "tasks".* FROM "tasks" WHERE "tasks"."id" = $1 LIMIT $2[0m  [["id", 1], ["LIMIT", 1]]
  ↳ app/controllers/tasks_controller.rb:7
  Rendering tasks/show.html.slim within layouts/application
  Rendered tasks/show.html.slim within layouts/application (6.2ms)
Completed 200 OK in 67ms (Views: 43.6ms | ActiveRecord: 7.4ms)


Started GET "/tasks/1/edit" for 127.0.0.1 at 2018-11-07 23:44:36 +0900
Processing by TasksController#edit as HTML
  Parameters: {"id"=>"1"}
  [1m[36mTask Load (0.4ms)[0m  [1m[34mSELECT  "tasks".* FROM "tasks" WHERE "tasks"."id" = $1 LIMIT $2[0m  [["id", 1], ["LIMIT", 1]]
  ↳ app/controllers/tasks_controller.rb:21
  Rendering tasks/edit.html.slim within layouts/application
  Rendered tasks/edit.html.slim within layouts/application (14.7ms)
Completed 200 OK in 63ms (Views: 57.8ms | ActiveRecord: 0.4ms)


Started PATCH "/tasks/1" for 127.0.0.1 at 2018-11-07 23:45:16 +0900
Processing by TasksController#update as HTML
  Parameters: {"utf8"=>"✓", "authenticity_token"=>"1CryiEoHjTZJBGEeahh50GfJx1NPG1OvPtndm31jcwr0nWotmllsqQ7sbt+uJpTAre0F8YCNPslTuYoUiGZlpA==", "task"=>{"name"=>"一覧表示機能の実装をする", "description"=>"一覧アクションと一覧画面を実装するetc"}, "commit"=>"更新する", "id"=>"1"}
  [1m[36mTask Load (0.3ms)[0m  [1m[34mSELECT  "tasks".* FROM "tasks" WHERE "tasks"."id" = $1 LIMIT $2[0m  [["id", 1], ["LIMIT", 1]]
  ↳ app/controllers/tasks_controller.rb:25
  [1m[35m (0.2ms)[0m  [1m[35mBEGIN[0m
  ↳ app/controllers/tasks_controller.rb:26
  [1m[36mTask Update (10.2ms)[0m  [1m[33mUPDATE "tasks" SET "name" = $1, "updated_at" = $2 WHERE "tasks"."id" = $3[0m  [["name", "一覧表示機能の実装をする"], ["updated_at", "2018-11-07 14:45:16.190503"], ["id", 1]]
  ↳ app/controllers/tasks_controller.rb:26
  [1m[35m (10.6ms)[0m  [1m[35mCOMMIT[0m
  ↳ app/controllers/tasks_controller.rb:26
Redirected to http://localhost:3000/tasks
Completed 302 Found in 31ms (ActiveRecord: 21.4ms)


Started GET "/tasks" for 127.0.0.1 at 2018-11-07 23:45:16 +0900
Processing by TasksController#index as HTML
  Rendering tasks/index.html.slim within layouts/application
  [1m[36mTask Load (0.4ms)[0m  [1m[34mSELECT "tasks".* FROM "tasks"[0m
  ↳ app/views/tasks/index.html.slim:12
  Rendered tasks/index.html.slim within layouts/application (23.4ms)
Completed 200 OK in 52ms (Views: 48.5ms | ActiveRecord: 0.4ms)


Started GET "/" for 127.0.0.1 at 2018-11-16 00:17:21 +0900
  [1m[35m (2.3ms)[0m  [1m[34mSELECT "schema_migrations"."version" FROM "schema_migrations" ORDER BY "schema_migrations"."version" ASC[0m
  ↳ /Users/m-hori/.rbenv/versions/2.5.1/lib/ruby/gems/2.5.0/gems/activerecord-5.2.1/lib/active_record/log_subscriber.rb:98
Processing by TasksController#index as HTML
  Rendering tasks/index.html.slim within layouts/application
  [1m[36mTask Load (6.0ms)[0m  [1m[34mSELECT "tasks".* FROM "tasks"[0m
  ↳ app/views/tasks/index.html.slim:12
  Rendered tasks/index.html.slim within layouts/application (37.3ms)
Completed 200 OK in 337ms (Views: 313.0ms | ActiveRecord: 12.2ms)


Started GET "/tasks/3/edit" for 127.0.0.1 at 2018-11-16 00:17:35 +0900
Processing by TasksController#edit as HTML
  Parameters: {"id"=>"3"}
  [1m[36mTask Load (3.4ms)[0m  [1m[34mSELECT  "tasks".* FROM "tasks" WHERE "tasks"."id" = $1 LIMIT $2[0m  [["id", 3], ["LIMIT", 1]]
  ↳ app/controllers/tasks_controller.rb:21
  Rendering tasks/edit.html.slim within layouts/application
  Rendered tasks/edit.html.slim within layouts/application (13.9ms)
Completed 200 OK in 45ms (Views: 36.3ms | ActiveRecord: 3.6ms)


Started PATCH "/tasks/3" for 127.0.0.1 at 2018-11-16 00:17:42 +0900
Processing by TasksController#update as HTML
  Parameters: {"utf8"=>"✓", "authenticity_token"=>"e9S2tjAEutQNVYrzM8X26ZQwLUsHCP1LoM94OCNI2hv7oxMiqGh7xDqLy6J6PYyze8i3efIUC/TIIyRa52Z2DA==", "task"=>{"name"=>"3つ目の登録", "description"=>"hogehoge"}, "commit"=>"更新する", "id"=>"3"}
  [1m[36mTask Load (0.3ms)[0m  [1m[34mSELECT  "tasks".* FROM "tasks" WHERE "tasks"."id" = $1 LIMIT $2[0m  [["id", 3], ["LIMIT", 1]]
  ↳ app/controllers/tasks_controller.rb:25
  [1m[35m (0.1ms)[0m  [1m[35mBEGIN[0m
  ↳ app/controllers/tasks_controller.rb:26
  [1m[36mTask Update (2.6ms)[0m  [1m[33mUPDATE "tasks" SET "name" = $1, "updated_at" = $2 WHERE "tasks"."id" = $3[0m  [["name", "3つ目の登録"], ["updated_at", "2018-11-15 15:17:42.212765"], ["id", 3]]
  ↳ app/controllers/tasks_controller.rb:26
  [1m[35m (2.6ms)[0m  [1m[35mCOMMIT[0m
  ↳ app/controllers/tasks_controller.rb:26
Redirected to http://localhost:3000/tasks
Completed 302 Found in 10ms (ActiveRecord: 5.6ms)


Started GET "/tasks" for 127.0.0.1 at 2018-11-16 00:17:42 +0900
Processing by TasksController#index as HTML
  Rendering tasks/index.html.slim within layouts/application
  [1m[36mTask Load (0.3ms)[0m  [1m[34mSELECT "tasks".* FROM "tasks"[0m
  ↳ app/views/tasks/index.html.slim:12
  Rendered tasks/index.html.slim within layouts/application (4.5ms)
Completed 200 OK in 31ms (Views: 29.1ms | ActiveRecord: 0.3ms)


Started GET "/tasks" for 127.0.0.1 at 2018-11-16 00:21:21 +0900
Processing by TasksController#index as HTML
  Rendering tasks/index.html.slim within layouts/application
  [1m[36mTask Load (0.5ms)[0m  [1m[34mSELECT "tasks".* FROM "tasks"[0m
  ↳ app/views/tasks/index.html.slim:12
  Rendered tasks/index.html.slim within layouts/application (6.0ms)
Completed 200 OK in 44ms (Views: 41.0ms | ActiveRecord: 0.5ms)


Started GET "/tasks/2/edit" for 127.0.0.1 at 2018-11-16 00:21:23 +0900
Processing by TasksController#edit as HTML
  Parameters: {"id"=>"2"}
  [1m[36mTask Load (0.7ms)[0m  [1m[34mSELECT  "tasks".* FROM "tasks" WHERE "tasks"."id" = $1 LIMIT $2[0m  [["id", 2], ["LIMIT", 1]]
  ↳ app/controllers/tasks_controller.rb:21
  Rendering tasks/edit.html.slim within layouts/application
  Rendered tasks/_form.html.slim (4.2ms)
  Rendered tasks/edit.html.slim within layouts/application (9.0ms)
Completed 200 OK in 43ms (Views: 37.7ms | ActiveRecord: 0.7ms)


Started PATCH "/tasks/2" for 127.0.0.1 at 2018-11-16 00:21:34 +0900
Processing by TasksController#update as HTML
  Parameters: {"utf8"=>"✓", "authenticity_token"=>"wyzihc5O+a2ovOhjCqiBz5be6VJ/y0fyUMJWKLsITYykEoqF6tUxpNM32fEXqbqv+bRs5uEBp5Qb0cM6tnZUYw==", "task"=>{"name"=>"一覧表示機能の実装（仮）", "description"=>"一覧アクションと一覧画面の実装etc"}, "commit"=>"更新する", "id"=>"2"}
  [1m[36mTask Load (0.6ms)[0m  [1m[34mSELECT  "tasks".* FROM "tasks" WHERE "tasks"."id" = $1 LIMIT $2[0m  [["id", 2], ["LIMIT", 1]]
  ↳ app/controllers/tasks_controller.rb:25
  [1m[35m (0.1ms)[0m  [1m[35mBEGIN[0m
  ↳ app/controllers/tasks_controller.rb:26
  [1m[36mTask Update (0.8ms)[0m  [1m[33mUPDATE "tasks" SET "name" = $1, "updated_at" = $2 WHERE "tasks"."id" = $3[0m  [["name", "一覧表示機能の実装（仮）"], ["updated_at", "2018-11-15 15:21:34.484711"], ["id", 2]]
  ↳ app/controllers/tasks_controller.rb:26
  [1m[35m (1.6ms)[0m  [1m[35mCOMMIT[0m
  ↳ app/controllers/tasks_controller.rb:26
Redirected to http://localhost:3000/tasks
Completed 302 Found in 9ms (ActiveRecord: 3.9ms)


Started GET "/tasks" for 127.0.0.1 at 2018-11-16 00:21:34 +0900
Processing by TasksController#index as HTML
  Rendering tasks/index.html.slim within layouts/application
  [1m[36mTask Load (0.3ms)[0m  [1m[34mSELECT "tasks".* FROM "tasks"[0m
  ↳ app/views/tasks/index.html.slim:12
  Rendered tasks/index.html.slim within layouts/application (7.0ms)
Completed 200 OK in 37ms (Views: 34.9ms | ActiveRecord: 0.3ms)


Started GET "/tasks/1" for 127.0.0.1 at 2018-11-16 00:21:36 +0900
Processing by TasksController#show as HTML
  Parameters: {"id"=>"1"}
  [1m[36mTask Load (0.4ms)[0m  [1m[34mSELECT  "tasks".* FROM "tasks" WHERE "tasks"."id" = $1 LIMIT $2[0m  [["id", 1], ["LIMIT", 1]]
  ↳ app/controllers/tasks_controller.rb:7
  Rendering tasks/show.html.slim within layouts/application
  Rendered tasks/show.html.slim within layouts/application (4.8ms)
Completed 200 OK in 38ms (Views: 34.5ms | ActiveRecord: 0.4ms)


Started GET "/tasks" for 127.0.0.1 at 2018-11-16 00:21:38 +0900
Processing by TasksController#index as HTML
  Rendering tasks/index.html.slim within layouts/application
  [1m[36mTask Load (0.3ms)[0m  [1m[34mSELECT "tasks".* FROM "tasks"[0m
  ↳ app/views/tasks/index.html.slim:12
  Rendered tasks/index.html.slim within layouts/application (5.8ms)
Completed 200 OK in 30ms (Views: 27.6ms | ActiveRecord: 0.3ms)


Started GET "/tasks/3" for 127.0.0.1 at 2018-11-16 00:21:39 +0900
Processing by TasksController#show as HTML
  Parameters: {"id"=>"3"}
  [1m[36mTask Load (0.5ms)[0m  [1m[34mSELECT  "tasks".* FROM "tasks" WHERE "tasks"."id" = $1 LIMIT $2[0m  [["id", 3], ["LIMIT", 1]]
  ↳ app/controllers/tasks_controller.rb:7
  Rendering tasks/show.html.slim within layouts/application
  Rendered tasks/show.html.slim within layouts/application (5.6ms)
Completed 200 OK in 43ms (Views: 38.5ms | ActiveRecord: 0.5ms)


Started GET "/tasks" for 127.0.0.1 at 2018-11-16 00:21:40 +0900
Processing by TasksController#index as HTML
  Rendering tasks/index.html.slim within layouts/application
  [1m[36mTask Load (0.3ms)[0m  [1m[34mSELECT "tasks".* FROM "tasks"[0m
  ↳ app/views/tasks/index.html.slim:12
  Rendered tasks/index.html.slim within layouts/application (7.5ms)
Completed 200 OK in 49ms (Views: 45.3ms | ActiveRecord: 0.3ms)


Started GET "/tasks/2" for 127.0.0.1 at 2018-11-16 00:21:42 +0900
Processing by TasksController#show as HTML
  Parameters: {"id"=>"2"}
  [1m[36mTask Load (0.3ms)[0m  [1m[34mSELECT  "tasks".* FROM "tasks" WHERE "tasks"."id" = $1 LIMIT $2[0m  [["id", 2], ["LIMIT", 1]]
  ↳ app/controllers/tasks_controller.rb:7
  Rendering tasks/show.html.slim within layouts/application
  Rendered tasks/show.html.slim within layouts/application (6.0ms)
Completed 200 OK in 45ms (Views: 40.5ms | ActiveRecord: 0.3ms)


Started GET "/tasks" for 127.0.0.1 at 2018-11-16 00:21:43 +0900
Processing by TasksController#index as HTML
  Rendering tasks/index.html.slim within layouts/application
  [1m[36mTask Load (0.7ms)[0m  [1m[34mSELECT "tasks".* FROM "tasks"[0m
  ↳ app/views/tasks/index.html.slim:12
  Rendered tasks/index.html.slim within layouts/application (12.5ms)
Completed 200 OK in 58ms (Views: 53.0ms | ActiveRecord: 0.7ms)


Started GET "/tasks" for 127.0.0.1 at 2018-11-16 00:25:03 +0900
Processing by TasksController#index as HTML
  Rendering tasks/index.html.slim within layouts/application
  [1m[36mTask Load (0.4ms)[0m  [1m[34mSELECT "tasks".* FROM "tasks"[0m
  ↳ app/views/tasks/index.html.slim:12
  Rendered tasks/index.html.slim within layouts/application (26.5ms)
Completed 500 Internal Server Error in 33ms (ActiveRecord: 0.4ms)


  
ActionView::Template::Error (undefined method `stringify_keys' for "/tasks/1/edit":String):
    13:       tr
    14:         td = link_to task.name, task
    15:         td = task.created_at
    16:         td = link_to '編集', edit_task_path(task),  class: 'btn btn-primary mr-3'
    17:            = link_to '削除', method: :delete, data: {confirm: "タスク#{task.name}を削除します。よろしいですか？"}, class: 'btn btn-danger'
  
app/views/tasks/index.html.slim:16:in `block in _app_views_tasks_index_html_slim__3437908979821250411_70257231931880'
app/views/tasks/index.html.slim:12:in `_app_views_tasks_index_html_slim__3437908979821250411_70257231931880'
Started GET "/tasks" for 127.0.0.1 at 2018-11-16 00:25:59 +0900
Processing by TasksController#index as HTML
  Rendering tasks/index.html.slim within layouts/application
  [1m[36mTask Load (0.3ms)[0m  [1m[34mSELECT "tasks".* FROM "tasks"[0m
  ↳ app/views/tasks/index.html.slim:12
  Rendered tasks/index.html.slim within layouts/application (11.5ms)
Completed 500 Internal Server Error in 18ms (ActiveRecord: 0.3ms)


  
ActionView::Template::Error (undefined method `stringify_keys' for "/tasks/1/edit":String):
    13:       tr
    14:         td = link_to task.name, task
    15:         td = task.created_at
    16:         td = link_to '編集', edit_task_path(task),  class: 'btn btn-primary mr-3'
    17:            = link_to '削除', method: :delete, data: {confirm: "タスク#{task.name}を削除します。よろしいですか？"}, class: 'btn btn-danger'
  
app/views/tasks/index.html.slim:16:in `block in _app_views_tasks_index_html_slim__3437908979821250411_70257283153980'
app/views/tasks/index.html.slim:12:in `_app_views_tasks_index_html_slim__3437908979821250411_70257283153980'
Started GET "/tasks/1" for 127.0.0.1 at 2018-11-16 00:26:05 +0900
Processing by TasksController#show as HTML
  Parameters: {"id"=>"1"}
  [1m[36mTask Load (0.3ms)[0m  [1m[34mSELECT  "tasks".* FROM "tasks" WHERE "tasks"."id" = $1 LIMIT $2[0m  [["id", 1], ["LIMIT", 1]]
  ↳ app/controllers/tasks_controller.rb:7
  Rendering tasks/show.html.slim within layouts/application
  Rendered tasks/show.html.slim within layouts/application (6.5ms)
Completed 200 OK in 44ms (Views: 40.7ms | ActiveRecord: 0.3ms)


Started GET "/tasks" for 127.0.0.1 at 2018-11-16 00:26:07 +0900
Processing by TasksController#index as HTML
  Rendering tasks/index.html.slim within layouts/application
  [1m[36mTask Load (0.3ms)[0m  [1m[34mSELECT "tasks".* FROM "tasks"[0m
  ↳ app/views/tasks/index.html.slim:12
  Rendered tasks/index.html.slim within layouts/application (9.8ms)
Completed 500 Internal Server Error in 18ms (ActiveRecord: 0.3ms)


  
ActionView::Template::Error (undefined method `stringify_keys' for "/tasks/1/edit":String):
    13:       tr
    14:         td = link_to task.name, task
    15:         td = task.created_at
    16:         td = link_to '編集', edit_task_path(task),  class: 'btn btn-primary mr-3'
    17:            = link_to '削除', method: :delete, data: {confirm: "タスク#{task.name}を削除します。よろしいですか？"}, class: 'btn btn-danger'
  
app/views/tasks/index.html.slim:16:in `block in _app_views_tasks_index_html_slim__3437908979821250411_70257232523500'
app/views/tasks/index.html.slim:12:in `_app_views_tasks_index_html_slim__3437908979821250411_70257232523500'
Started GET "/tasks" for 127.0.0.1 at 2018-11-16 00:28:23 +0900
Processing by TasksController#index as HTML
  Rendering tasks/index.html.slim within layouts/application
  [1m[36mTask Load (0.3ms)[0m  [1m[34mSELECT "tasks".* FROM "tasks"[0m
  ↳ app/views/tasks/index.html.slim:12
  Rendered tasks/index.html.slim within layouts/application (10.8ms)
Completed 500 Internal Server Error in 17ms (ActiveRecord: 0.3ms)


  
ActionView::Template::Error (undefined method `stringify_keys' for "/tasks/1/edit":String):
    13:       tr
    14:         td = link_to task.name, task
    15:         td = task.created_at
    16:         td = link_to '編集', edit_task_path(task),  class: 'btn btn-primary mr-3'
    17:            = link_to '削除', task, method: delete, data: {confirm: "タスク「#{task.name}」を削除します。よろしいですか？"}, class: 'btn btn-danger'
  
app/views/tasks/index.html.slim:16:in `block in _app_views_tasks_index_html_slim__3437908979821250411_70257217022500'
app/views/tasks/index.html.slim:12:in `_app_views_tasks_index_html_slim__3437908979821250411_70257217022500'
Started GET "/tasks" for 127.0.0.1 at 2018-11-16 00:29:02 +0900
Processing by TasksController#index as HTML
  Rendering tasks/index.html.slim within layouts/application
  [1m[36mTask Load (0.4ms)[0m  [1m[34mSELECT "tasks".* FROM "tasks"[0m
  ↳ app/views/tasks/index.html.slim:12
  Rendered tasks/index.html.slim within layouts/application (6.0ms)
Completed 200 OK in 34ms (Views: 32.0ms | ActiveRecord: 0.4ms)


Started GET "/tasks" for 127.0.0.1 at 2018-11-16 00:29:30 +0900
Processing by TasksController#index as HTML
  Rendering tasks/index.html.slim within layouts/application
  [1m[36mTask Load (0.3ms)[0m  [1m[34mSELECT "tasks".* FROM "tasks"[0m
  ↳ app/views/tasks/index.html.slim:12
  Rendered tasks/index.html.slim within layouts/application (10.6ms)
Completed 500 Internal Server Error in 17ms (ActiveRecord: 0.3ms)


  
ActionView::Template::Error (undefined method `stringify_keys' for "/tasks/1/edit":String):
    13:       tr
    14:         td = link_to task.name, task
    15:         td = task.created_at
    16:         td = link_to '編集', edit_task_path(task),  class: 'btn btn-primary mr-3'
    17:            = link_to '削除', task, class: 'btn btn-danger'
  
app/views/tasks/index.html.slim:16:in `block in _app_views_tasks_index_html_slim__3437908979821250411_70257247206340'
app/views/tasks/index.html.slim:12:in `_app_views_tasks_index_html_slim__3437908979821250411_70257247206340'
Started GET "/tasks" for 127.0.0.1 at 2018-11-16 00:29:44 +0900
Processing by TasksController#index as HTML
  Rendering tasks/index.html.slim within layouts/application
  [1m[36mTask Load (0.3ms)[0m  [1m[34mSELECT "tasks".* FROM "tasks"[0m
  ↳ app/views/tasks/index.html.slim:12
  Rendered tasks/index.html.slim within layouts/application (10.5ms)
Completed 500 Internal Server Error in 17ms (ActiveRecord: 0.3ms)


  
ActionView::Template::Error (undefined method `stringify_keys' for "/tasks/1/edit":String):
    13:       tr
    14:         td = link_to task.name, task
    15:         td = task.created_at
    16:         td = link_to '編集', edit_task_path(task),  class: 'btn btn-primary mr-3'
    17:            = link_to '削除', edit_task_path(task), class: 'btn btn-danger'
  
app/views/tasks/index.html.slim:16:in `block in _app_views_tasks_index_html_slim__3437908979821250411_70257276305960'
app/views/tasks/index.html.slim:12:in `_app_views_tasks_index_html_slim__3437908979821250411_70257276305960'
Started GET "/tasks" for 127.0.0.1 at 2018-11-16 00:30:01 +0900
Processing by TasksController#index as HTML
  Rendering tasks/index.html.slim within layouts/application
  [1m[36mTask Load (0.3ms)[0m  [1m[34mSELECT "tasks".* FROM "tasks"[0m
  ↳ app/views/tasks/index.html.slim:12
  Rendered tasks/index.html.slim within layouts/application (5.8ms)
Completed 200 OK in 32ms (Views: 29.9ms | ActiveRecord: 0.3ms)


Started GET "/tasks" for 127.0.0.1 at 2018-11-16 00:31:13 +0900
Processing by TasksController#index as HTML
  Rendering tasks/index.html.slim within layouts/application
  [1m[36mTask Load (0.3ms)[0m  [1m[34mSELECT "tasks".* FROM "tasks"[0m
  ↳ app/views/tasks/index.html.slim:12
  Rendered tasks/index.html.slim within layouts/application (6.1ms)
Completed 200 OK in 43ms (Views: 40.6ms | ActiveRecord: 0.3ms)


Started GET "/tasks/1" for 127.0.0.1 at 2018-11-16 00:31:32 +0900
Processing by TasksController#show as HTML
  Parameters: {"id"=>"1"}
  [1m[36mTask Load (0.5ms)[0m  [1m[34mSELECT  "tasks".* FROM "tasks" WHERE "tasks"."id" = $1 LIMIT $2[0m  [["id", 1], ["LIMIT", 1]]
  ↳ app/controllers/tasks_controller.rb:7
  Rendering tasks/show.html.slim within layouts/application
  Rendered tasks/show.html.slim within layouts/application (5.5ms)
Completed 200 OK in 36ms (Views: 31.7ms | ActiveRecord: 0.5ms)


Started GET "/tasks/1" for 127.0.0.1 at 2018-11-16 00:33:10 +0900
Processing by TasksController#show as HTML
  Parameters: {"id"=>"1"}
  [1m[36mTask Load (0.5ms)[0m  [1m[34mSELECT  "tasks".* FROM "tasks" WHERE "tasks"."id" = $1 LIMIT $2[0m  [["id", 1], ["LIMIT", 1]]
  ↳ app/controllers/tasks_controller.rb:7
  Rendering tasks/show.html.slim within layouts/application
  Rendered tasks/show.html.slim within layouts/application (5.8ms)
Completed 200 OK in 44ms (Views: 41.0ms | ActiveRecord: 0.5ms)


Started GET "/tasks/1" for 127.0.0.1 at 2018-11-16 00:35:21 +0900
Processing by TasksController#show as HTML
  Parameters: {"id"=>"1"}
  [1m[36mTask Load (0.3ms)[0m  [1m[34mSELECT  "tasks".* FROM "tasks" WHERE "tasks"."id" = $1 LIMIT $2[0m  [["id", 1], ["LIMIT", 1]]
  ↳ app/controllers/tasks_controller.rb:7
  Rendering tasks/show.html.slim within layouts/application
  Rendered tasks/show.html.slim within layouts/application (5.4ms)
Completed 200 OK in 65ms (Views: 46.1ms | ActiveRecord: 7.1ms)


Started GET "/tasks" for 127.0.0.1 at 2018-11-16 00:35:32 +0900
Processing by TasksController#index as HTML
  Rendering tasks/index.html.slim within layouts/application
  [1m[36mTask Load (0.3ms)[0m  [1m[34mSELECT "tasks".* FROM "tasks"[0m
  ↳ app/views/tasks/index.html.slim:12
  Rendered tasks/index.html.slim within layouts/application (7.0ms)
Completed 200 OK in 41ms (Views: 36.2ms | ActiveRecord: 0.3ms)


Started GET "/tasks" for 127.0.0.1 at 2018-11-16 00:35:34 +0900
Processing by TasksController#index as HTML
  Rendering tasks/index.html.slim within layouts/application
  [1m[36mTask Load (0.4ms)[0m  [1m[34mSELECT "tasks".* FROM "tasks"[0m
  ↳ app/views/tasks/index.html.slim:12
  Rendered tasks/index.html.slim within layouts/application (7.3ms)
Completed 200 OK in 44ms (Views: 41.5ms | ActiveRecord: 0.4ms)


Started GET "/tasks/3" for 127.0.0.1 at 2018-11-16 00:35:35 +0900
Processing by TasksController#show as HTML
  Parameters: {"id"=>"3"}
  [1m[36mTask Load (0.7ms)[0m  [1m[34mSELECT  "tasks".* FROM "tasks" WHERE "tasks"."id" = $1 LIMIT $2[0m  [["id", 3], ["LIMIT", 1]]
  ↳ app/controllers/tasks_controller.rb:7
  Rendering tasks/show.html.slim within layouts/application
  Rendered tasks/show.html.slim within layouts/application (5.3ms)
Completed 200 OK in 36ms (Views: 31.7ms | ActiveRecord: 0.7ms)


Started DELETE "/tasks/3" for 127.0.0.1 at 2018-11-16 00:35:38 +0900
Processing by TasksController#destroy as HTML
  Parameters: {"authenticity_token"=>"ZSoW9VGCJt4BE/Ak5jK2gz9bOOv2LBRz/sjn0TtG6jPI4ICCK5ZnwOc8invsQxvi/jeSOMG379LF4ZqJyA/tYA==", "id"=>"3"}
  [1m[36mTask Load (0.3ms)[0m  [1m[34mSELECT  "tasks".* FROM "tasks" WHERE "tasks"."id" = $1 LIMIT $2[0m  [["id", 3], ["LIMIT", 1]]
  ↳ app/controllers/tasks_controller.rb:31
  [1m[35m (0.1ms)[0m  [1m[35mBEGIN[0m
  ↳ app/controllers/tasks_controller.rb:32
  [1m[36mTask Destroy (0.5ms)[0m  [1m[31mDELETE FROM "tasks" WHERE "tasks"."id" = $1[0m  [["id", 3]]
  ↳ app/controllers/tasks_controller.rb:32
  [1m[35m (2.1ms)[0m  [1m[35mCOMMIT[0m
  ↳ app/controllers/tasks_controller.rb:32
Redirected to http://localhost:3000/tasks
Completed 302 Found in 6ms (ActiveRecord: 3.0ms)


Started GET "/tasks" for 127.0.0.1 at 2018-11-16 00:35:38 +0900
Processing by TasksController#index as HTML
  Rendering tasks/index.html.slim within layouts/application
  [1m[36mTask Load (0.5ms)[0m  [1m[34mSELECT "tasks".* FROM "tasks"[0m
  ↳ app/views/tasks/index.html.slim:12
  Rendered tasks/index.html.slim within layouts/application (6.1ms)
Completed 200 OK in 41ms (Views: 38.6ms | ActiveRecord: 0.5ms)


